mode: set
github.com/droxer/RxGo/pkg/reactive/publisher.go:36.97,40.2 1 0
github.com/droxer/RxGo/pkg/reactive/publisher.go:43.47,45.61 1 0
github.com/droxer/RxGo/pkg/reactive/publisher.go:45.61,49.4 3 0
github.com/droxer/RxGo/pkg/reactive/publisher.go:54.45,56.63 1 0
github.com/droxer/RxGo/pkg/reactive/publisher.go:56.63,60.4 3 0
github.com/droxer/RxGo/pkg/reactive/publisher.go:65.34,66.67 1 0
github.com/droxer/RxGo/pkg/reactive/publisher.go:66.67,69.3 2 0
github.com/droxer/RxGo/pkg/reactive/publisher.go:73.43,74.67 1 0
github.com/droxer/RxGo/pkg/reactive/publisher.go:74.67,77.3 2 0
github.com/droxer/RxGo/pkg/reactive/publisher.go:81.34,82.67 1 0
github.com/droxer/RxGo/pkg/reactive/publisher.go:82.67,85.3 2 0
github.com/droxer/RxGo/pkg/reactive/publisher.go:89.44,91.2 1 0
github.com/droxer/RxGo/pkg/reactive/publisher.go:99.81,101.2 1 0
github.com/droxer/RxGo/pkg/reactive/publisher.go:109.69,111.2 1 0
github.com/droxer/RxGo/pkg/reactive/publisher.go:113.43,115.2 1 0
github.com/droxer/RxGo/pkg/reactive/publisher.go:117.50,119.2 1 0
github.com/droxer/RxGo/pkg/reactive/publisher.go:121.44,123.2 1 0
github.com/droxer/RxGo/pkg/reactive/publisher.go:131.47,133.2 1 0
github.com/droxer/RxGo/pkg/reactive/publisher.go:135.39,137.2 1 0
github.com/droxer/RxGo/pkg/reactive/publisher.go:143.47,143.48 0 0
github.com/droxer/RxGo/pkg/reactive/publisher.go:144.47,144.48 0 0
github.com/droxer/RxGo/examples/context/context.go:16.42,18.2 1 0
github.com/droxer/RxGo/examples/context/context.go:20.52,23.2 2 0
github.com/droxer/RxGo/examples/context/context.go:25.53,27.2 1 0
github.com/droxer/RxGo/examples/context/context.go:29.48,31.2 1 0
github.com/droxer/RxGo/examples/context/context.go:33.13,42.86 5 0
github.com/droxer/RxGo/examples/context/context.go:42.86,44.29 2 0
github.com/droxer/RxGo/examples/context/context.go:44.29,45.11 1 0
github.com/droxer/RxGo/examples/context/context.go:46.22,48.11 2 0
github.com/droxer/RxGo/examples/context/context.go:49.12,51.38 2 0
github.com/droxer/RxGo/examples/context/context.go:56.2,58.56 3 0
github.com/droxer/RxGo/pkg/observable/observable.go:28.54,30.2 1 0
github.com/droxer/RxGo/pkg/observable/observable.go:33.75,34.16 1 0
github.com/droxer/RxGo/pkg/observable/observable.go:34.16,36.3 1 0
github.com/droxer/RxGo/pkg/observable/observable.go:39.2,39.16 1 0
github.com/droxer/RxGo/pkg/observable/observable.go:39.16,41.3 1 0
github.com/droxer/RxGo/pkg/observable/observable.go:44.2,47.15 2 0
github.com/droxer/RxGo/pkg/observable/observable.go:47.15,48.31 1 0
github.com/droxer/RxGo/pkg/observable/observable.go:48.31,51.4 2 0
github.com/droxer/RxGo/pkg/observable/observable.go:55.2,55.25 1 0
github.com/droxer/RxGo/pkg/observable/observable.go:59.46,60.61 1 0
github.com/droxer/RxGo/pkg/observable/observable.go:60.61,62.32 2 0
github.com/droxer/RxGo/pkg/observable/observable.go:62.32,63.11 1 0
github.com/droxer/RxGo/pkg/observable/observable.go:64.22,66.11 2 0
github.com/droxer/RxGo/pkg/observable/observable.go:67.12,68.22 1 0
github.com/droxer/RxGo/pkg/observable/observable.go:75.47,76.63 1 0
github.com/droxer/RxGo/pkg/observable/observable.go:76.63,78.17 2 0
github.com/droxer/RxGo/pkg/observable/observable.go:78.17,80.4 1 0
github.com/droxer/RxGo/pkg/observable/observable.go:81.3,81.30 1 0
github.com/droxer/RxGo/pkg/observable/observable.go:81.30,82.11 1 0
github.com/droxer/RxGo/pkg/observable/observable.go:83.22,85.11 2 0
github.com/droxer/RxGo/pkg/observable/observable.go:86.12,87.26 1 0
github.com/droxer/RxGo/pkg/observable/observable.go:94.36,95.61 1 0
github.com/droxer/RxGo/pkg/observable/observable.go:95.61,97.3 1 0
github.com/droxer/RxGo/pkg/observable/observable.go:101.45,102.61 1 0
github.com/droxer/RxGo/pkg/observable/observable.go:102.61,104.3 1 0
github.com/droxer/RxGo/pkg/observable/observable.go:108.36,109.61 1 0
github.com/droxer/RxGo/pkg/observable/observable.go:109.61,111.3 1 0
github.com/droxer/RxGo/pkg/observable/observable.go:115.49,116.61 1 0
github.com/droxer/RxGo/pkg/observable/observable.go:116.61,118.30 2 0
github.com/droxer/RxGo/pkg/observable/observable.go:118.30,119.11 1 0
github.com/droxer/RxGo/pkg/observable/observable.go:120.22,122.11 2 0
github.com/droxer/RxGo/pkg/observable/observable.go:123.12,124.21 1 0
github.com/droxer/RxGo/pkg/observable/observable.go:131.71,132.61 1 0
github.com/droxer/RxGo/pkg/observable/observable.go:132.61,138.3 1 0
github.com/droxer/RxGo/pkg/observable/observable.go:149.42,150.16 1 0
github.com/droxer/RxGo/pkg/observable/observable.go:150.16,152.31 2 0
github.com/droxer/RxGo/pkg/observable/observable.go:152.31,154.4 1 0
github.com/droxer/RxGo/pkg/observable/observable.go:158.46,159.30 1 0
github.com/droxer/RxGo/pkg/observable/observable.go:159.30,160.25 1 0
github.com/droxer/RxGo/pkg/observable/observable.go:160.25,162.4 1 0
github.com/droxer/RxGo/pkg/observable/observable.go:163.3,163.18 1 0
github.com/droxer/RxGo/pkg/observable/observable.go:167.53,168.30 1 0
github.com/droxer/RxGo/pkg/observable/observable.go:168.30,169.25 1 0
github.com/droxer/RxGo/pkg/observable/observable.go:169.25,171.4 1 0
github.com/droxer/RxGo/pkg/observable/observable.go:172.3,172.21 1 0
github.com/droxer/RxGo/pkg/observable/observable.go:176.48,177.30 1 0
github.com/droxer/RxGo/pkg/observable/observable.go:177.30,178.25 1 0
github.com/droxer/RxGo/pkg/observable/observable.go:178.25,180.4 1 0
github.com/droxer/RxGo/pkg/observable/observable.go:181.3,181.22 1 0
github.com/droxer/RxGo/pkg/observable/observable.go:186.79,187.61 1 0
github.com/droxer/RxGo/pkg/observable/observable.go:187.61,192.3 1 0
github.com/droxer/RxGo/pkg/observable/observable.go:196.82,197.61 1 0
github.com/droxer/RxGo/pkg/observable/observable.go:197.61,202.3 1 0
github.com/droxer/RxGo/pkg/observable/observable.go:211.50,211.67 1 0
github.com/droxer/RxGo/pkg/observable/observable.go:212.50,212.82 1 0
github.com/droxer/RxGo/pkg/observable/observable.go:213.50,213.72 1 0
github.com/droxer/RxGo/pkg/observable/observable.go:214.50,214.73 1 0
github.com/droxer/RxGo/pkg/observable/observable.go:222.39,222.56 1 0
github.com/droxer/RxGo/pkg/observable/observable.go:223.43,224.20 1 0
github.com/droxer/RxGo/pkg/observable/observable.go:224.20,226.3 1 0
github.com/droxer/RxGo/pkg/observable/observable.go:228.50,228.72 1 0
github.com/droxer/RxGo/pkg/observable/observable.go:229.50,229.73 1 0
github.com/droxer/RxGo/pkg/observable/scheduler.go:13.50,15.2 1 0
github.com/droxer/RxGo/pkg/observable/scheduler.go:17.52,19.2 1 0
github.com/droxer/RxGo/pkg/observable/scheduler.go:24.50,26.2 1 0
github.com/droxer/RxGo/pkg/observable/scheduler.go:28.52,30.2 1 0
github.com/droxer/RxGo/pkg/observable/scheduler.go:38.56,44.2 3 0
github.com/droxer/RxGo/pkg/observable/scheduler.go:46.55,47.9 1 0
github.com/droxer/RxGo/pkg/observable/scheduler.go:48.23,48.23 0 0
github.com/droxer/RxGo/pkg/observable/scheduler.go:49.10,49.10 0 0
github.com/droxer/RxGo/pkg/observable/scheduler.go:54.39,56.28 2 0
github.com/droxer/RxGo/pkg/observable/scheduler.go:56.28,58.3 1 0
github.com/droxer/RxGo/pkg/observable/scheduler.go:61.41,64.2 2 0
github.com/droxer/RxGo/pkg/observable/scheduler.go:71.52,73.2 1 0
github.com/droxer/RxGo/pkg/observable/scheduler.go:75.53,77.2 1 0
github.com/droxer/RxGo/pkg/observable/scheduler.go:79.41,80.23 1 0
github.com/droxer/RxGo/pkg/observable/scheduler.go:80.23,84.3 3 0
github.com/droxer/RxGo/pkg/observable/scheduler.go:87.39,89.2 1 0
github.com/droxer/RxGo/internal/scheduler/adapter.go:12.39,14.2 1 0
github.com/droxer/RxGo/internal/scheduler/adapter.go:17.40,18.22 1 0
github.com/droxer/RxGo/internal/scheduler/adapter.go:18.22,20.3 1 0
github.com/droxer/RxGo/internal/scheduler/adapter.go:24.63,25.24 1 0
github.com/droxer/RxGo/internal/scheduler/adapter.go:25.24,27.3 1 0
github.com/droxer/RxGo/internal/scheduler/adapter.go:31.50,33.2 1 0
github.com/droxer/RxGo/internal/scheduler/eventloop.go:15.54,22.2 1 0
github.com/droxer/RxGo/internal/scheduler/eventloop.go:24.38,25.38 1 0
github.com/droxer/RxGo/internal/scheduler/eventloop.go:25.38,28.3 2 0
github.com/droxer/RxGo/internal/scheduler/eventloop.go:30.2,30.17 1 0
github.com/droxer/RxGo/internal/scheduler/eventloop.go:33.37,35.35 2 0
github.com/droxer/RxGo/internal/scheduler/eventloop.go:35.35,37.3 1 0
github.com/droxer/RxGo/internal/scheduler/eventloop.go:40.53,45.2 2 0
github.com/droxer/RxGo/internal/scheduler/eventloop.go:47.76,53.2 2 0
github.com/droxer/RxGo/internal/scheduler/eventloop.go:55.41,56.6 1 0
github.com/droxer/RxGo/internal/scheduler/eventloop.go:56.6,57.10 1 0
github.com/droxer/RxGo/internal/scheduler/eventloop.go:58.28,60.18 2 0
github.com/droxer/RxGo/internal/scheduler/eventloop.go:61.17,62.10 1 0
github.com/droxer/RxGo/internal/scheduler/eventloop.go:73.63,79.2 1 0
github.com/droxer/RxGo/internal/scheduler/eventloop.go:81.30,82.12 1 0
github.com/droxer/RxGo/internal/scheduler/eventloop.go:82.12,83.7 1 0
github.com/droxer/RxGo/internal/scheduler/eventloop.go:83.7,86.11 2 0
github.com/droxer/RxGo/internal/scheduler/eventloop.go:87.28,89.12 2 0
github.com/droxer/RxGo/internal/scheduler/eventloop.go:89.12,90.19 1 0
github.com/droxer/RxGo/internal/scheduler/eventloop.go:90.19,91.35 1 0
github.com/droxer/RxGo/internal/scheduler/eventloop.go:91.35,95.8 1 0
github.com/droxer/RxGo/internal/scheduler/eventloop.go:97.6,97.15 1 0
github.com/droxer/RxGo/internal/scheduler/eventloop.go:99.18,100.11 1 0
github.com/droxer/RxGo/internal/scheduler/eventloop.go:106.29,108.2 1 0
github.com/droxer/RxGo/internal/scheduler/scheduler.go:27.13,30.2 2 0
github.com/droxer/RxGo/internal/scheduler/scheduler.go:32.27,35.23 3 0
github.com/droxer/RxGo/internal/scheduler/scheduler.go:35.23,37.3 1 0
github.com/droxer/RxGo/internal/scheduler/scheduler.go:38.2,38.15 1 0
github.com/droxer/RxGo/internal/scheduler/threadpool.go:14.69,20.2 1 0
github.com/droxer/RxGo/internal/scheduler/threadpool.go:22.41,24.2 1 0
github.com/droxer/RxGo/internal/scheduler/threadpool.go:26.41,27.2 0 0
github.com/droxer/RxGo/internal/scheduler/threadpool.go:29.56,35.2 2 0
github.com/droxer/RxGo/internal/scheduler/threadpool.go:37.80,38.2 0 0
github.com/droxer/RxGo/internal/scheduler/threadpool.go:40.39,41.32 1 0
github.com/droxer/RxGo/internal/scheduler/threadpool.go:41.32,43.3 1 0
github.com/droxer/RxGo/internal/scheduler/threadpool.go:51.63,56.2 1 0
github.com/droxer/RxGo/internal/scheduler/threadpool.go:58.43,59.9 1 0
github.com/droxer/RxGo/internal/scheduler/threadpool.go:60.35,61.17 1 0
github.com/droxer/RxGo/internal/scheduler/threadpool.go:62.10,65.24 3 0
github.com/droxer/RxGo/internal/scheduler/threadpool.go:77.83,85.2 1 0
github.com/droxer/RxGo/internal/scheduler/threadpool.go:87.32,88.12 1 0
github.com/droxer/RxGo/internal/scheduler/threadpool.go:88.12,89.7 1 0
github.com/droxer/RxGo/internal/scheduler/threadpool.go:89.7,92.11 2 0
github.com/droxer/RxGo/internal/scheduler/threadpool.go:93.28,95.12 2 0
github.com/droxer/RxGo/internal/scheduler/threadpool.go:95.12,96.19 1 0
github.com/droxer/RxGo/internal/scheduler/threadpool.go:96.19,97.35 1 0
github.com/droxer/RxGo/internal/scheduler/threadpool.go:97.35,99.8 1 0
github.com/droxer/RxGo/internal/scheduler/threadpool.go:101.6,101.15 1 0
github.com/droxer/RxGo/internal/scheduler/threadpool.go:103.5,103.25 1 0
github.com/droxer/RxGo/internal/scheduler/threadpool.go:104.21,106.11 2 0
github.com/droxer/RxGo/internal/scheduler/threadpool.go:107.18,108.11 1 0
github.com/droxer/RxGo/internal/scheduler/threadpool.go:114.31,116.2 1 0
github.com/droxer/RxGo/examples/backpressure/backpressure.go:19.42,21.2 1 0
github.com/droxer/RxGo/examples/backpressure/backpressure.go:23.52,29.2 5 0
github.com/droxer/RxGo/examples/backpressure/backpressure.go:31.53,34.2 2 0
github.com/droxer/RxGo/examples/backpressure/backpressure.go:36.48,39.2 2 0
github.com/droxer/RxGo/examples/backpressure/backpressure.go:41.13,56.2 8 0
github.com/droxer/RxGo/examples/basic/basic.go:17.33,19.2 1 0
github.com/droxer/RxGo/examples/basic/basic.go:21.43,23.2 1 0
github.com/droxer/RxGo/examples/basic/basic.go:25.44,27.2 1 0
github.com/droxer/RxGo/examples/basic/basic.go:29.39,31.2 1 0
github.com/droxer/RxGo/examples/basic/basic.go:33.13,48.92 9 0
github.com/droxer/RxGo/examples/basic/basic.go:48.92,49.26 1 0
github.com/droxer/RxGo/examples/basic/basic.go:49.26,50.11 1 0
github.com/droxer/RxGo/examples/basic/basic.go:51.22,53.11 2 0
github.com/droxer/RxGo/examples/basic/basic.go:54.12,55.23 1 0
github.com/droxer/RxGo/examples/basic/basic.go:58.3,58.20 1 0
github.com/droxer/RxGo/examples/basic/basic.go:60.2,67.93 5 0
github.com/droxer/RxGo/examples/basic/basic.go:67.93,68.26 1 0
github.com/droxer/RxGo/examples/basic/basic.go:68.26,69.11 1 0
github.com/droxer/RxGo/examples/basic/basic.go:70.22,72.11 2 0
github.com/droxer/RxGo/examples/basic/basic.go:73.12,74.24 1 0
github.com/droxer/RxGo/examples/basic/basic.go:77.3,77.20 1 0
github.com/droxer/RxGo/examples/basic/basic.go:79.2,83.49 3 0
github.com/droxer/RxGo/pkg/rxgo/rxgo.go:15.76,17.2 1 0
github.com/droxer/RxGo/pkg/rxgo/rxgo.go:20.57,22.2 1 0
github.com/droxer/RxGo/pkg/rxgo/rxgo.go:25.58,27.2 1 0
github.com/droxer/RxGo/pkg/rxgo/rxgo.go:30.60,32.2 1 0
github.com/droxer/RxGo/pkg/rxgo/rxgo.go:35.47,37.2 1 0
github.com/droxer/RxGo/pkg/rxgo/rxgo.go:40.56,42.2 1 0
github.com/droxer/RxGo/pkg/rxgo/rxgo.go:45.47,47.2 1 0
github.com/droxer/RxGo/pkg/rxgo/rxgo.go:52.115,54.2 1 0
github.com/droxer/RxGo/pkg/rxgo/rxgo.go:57.63,59.2 1 0
github.com/droxer/RxGo/pkg/rxgo/rxgo.go:62.65,64.2 1 0
github.com/droxer/RxGo/pkg/rxgo/rxgo.go:67.52,69.2 1 0
github.com/droxer/RxGo/pkg/rxgo/rxgo.go:72.61,74.2 1 0
github.com/droxer/RxGo/pkg/rxgo/rxgo.go:77.52,79.2 1 0
github.com/droxer/RxGo/pkg/rxgo/rxgo.go:82.62,84.2 1 0
github.com/droxer/RxGo/internal/publisher/publisher.go:40.122,44.2 1 1
github.com/droxer/RxGo/internal/publisher/publisher.go:47.88,48.14 1 1
github.com/droxer/RxGo/internal/publisher/publisher.go:48.14,49.36 1 1
github.com/droxer/RxGo/internal/publisher/publisher.go:53.2,59.12 3 1
github.com/droxer/RxGo/internal/publisher/publisher.go:59.12,61.3 1 1
github.com/droxer/RxGo/internal/publisher/publisher.go:65.129,68.2 1 1
github.com/droxer/RxGo/internal/publisher/publisher.go:71.47,72.83 1 1
github.com/droxer/RxGo/internal/publisher/publisher.go:72.83,75.30 2 1
github.com/droxer/RxGo/internal/publisher/publisher.go:75.30,76.11 1 1
github.com/droxer/RxGo/internal/publisher/publisher.go:77.22,79.11 2 0
github.com/droxer/RxGo/internal/publisher/publisher.go:80.12,81.21 1 1
github.com/droxer/RxGo/internal/publisher/publisher.go:88.54,89.85 1 1
github.com/droxer/RxGo/internal/publisher/publisher.go:89.85,92.17 2 1
github.com/droxer/RxGo/internal/publisher/publisher.go:92.17,94.4 1 0
github.com/droxer/RxGo/internal/publisher/publisher.go:96.3,96.30 1 1
github.com/droxer/RxGo/internal/publisher/publisher.go:96.30,97.11 1 1
github.com/droxer/RxGo/internal/publisher/publisher.go:98.22,100.11 2 0
github.com/droxer/RxGo/internal/publisher/publisher.go:101.12,102.26 1 1
github.com/droxer/RxGo/internal/publisher/publisher.go:114.49,115.12 1 1
github.com/droxer/RxGo/internal/publisher/publisher.go:115.12,117.3 1 0
github.com/droxer/RxGo/internal/publisher/publisher.go:118.2,118.24 1 1
github.com/droxer/RxGo/internal/publisher/publisher.go:118.24,120.3 1 0
github.com/droxer/RxGo/internal/publisher/publisher.go:121.2,121.20 1 1
github.com/droxer/RxGo/internal/publisher/publisher.go:124.41,126.2 1 1
github.com/droxer/RxGo/internal/publisher/subscription.go:31.106,41.2 4 0
github.com/droxer/RxGo/internal/publisher/subscription.go:43.49,45.12 1 0
github.com/droxer/RxGo/internal/publisher/subscription.go:45.12,48.3 1 0
github.com/droxer/RxGo/internal/publisher/subscription.go:51.2,52.60 2 0
github.com/droxer/RxGo/internal/publisher/subscription.go:52.60,54.3 1 0
github.com/droxer/RxGo/internal/publisher/subscription.go:57.2,60.24 2 0
github.com/droxer/RxGo/internal/publisher/subscription.go:60.24,62.3 1 0
github.com/droxer/RxGo/internal/publisher/subscription.go:65.41,70.31 4 0
github.com/droxer/RxGo/internal/publisher/subscription.go:70.31,72.3 1 0
github.com/droxer/RxGo/internal/publisher/subscription.go:74.2,77.23 3 0
github.com/droxer/RxGo/internal/publisher/subscription.go:77.23,79.3 1 0
github.com/droxer/RxGo/internal/publisher/subscription.go:82.53,84.2 1 0
github.com/droxer/RxGo/internal/publisher/subscription.go:86.59,88.2 1 0
