mode: set
github.com/droxer/RxGo/examples/backpressure/backpressure.go:20.42,23.12 2 0
github.com/droxer/RxGo/examples/backpressure/backpressure.go:23.12,24.26 1 0
github.com/droxer/RxGo/examples/backpressure/backpressure.go:24.26,28.4 3 0
github.com/droxer/RxGo/examples/backpressure/backpressure.go:32.52,38.2 5 0
github.com/droxer/RxGo/examples/backpressure/backpressure.go:40.53,43.2 2 0
github.com/droxer/RxGo/examples/backpressure/backpressure.go:45.48,48.2 2 0
github.com/droxer/RxGo/examples/backpressure/backpressure.go:50.13,62.92 5 0
github.com/droxer/RxGo/examples/backpressure/backpressure.go:62.92,67.30 3 0
github.com/droxer/RxGo/examples/backpressure/backpressure.go:67.30,68.11 1 0
github.com/droxer/RxGo/examples/backpressure/backpressure.go:69.22,71.11 2 0
github.com/droxer/RxGo/examples/backpressure/backpressure.go:72.12,74.38 2 0
github.com/droxer/RxGo/examples/backpressure/backpressure.go:79.2,81.48 3 0
github.com/droxer/RxGo/examples/context/context.go:15.42,17.2 1 0
github.com/droxer/RxGo/examples/context/context.go:19.52,22.2 2 0
github.com/droxer/RxGo/examples/context/context.go:24.53,26.2 1 0
github.com/droxer/RxGo/examples/context/context.go:28.48,30.2 1 0
github.com/droxer/RxGo/examples/context/context.go:32.13,41.92 5 0
github.com/droxer/RxGo/examples/context/context.go:41.92,43.29 2 0
github.com/droxer/RxGo/examples/context/context.go:43.29,44.11 1 0
github.com/droxer/RxGo/examples/context/context.go:45.22,47.11 2 0
github.com/droxer/RxGo/examples/context/context.go:48.12,50.38 2 0
github.com/droxer/RxGo/examples/context/context.go:55.2,57.56 3 0
github.com/droxer/RxGo/examples/basic/basic.go:16.33,18.2 1 0
github.com/droxer/RxGo/examples/basic/basic.go:20.43,22.2 1 0
github.com/droxer/RxGo/examples/basic/basic.go:24.44,26.2 1 0
github.com/droxer/RxGo/examples/basic/basic.go:28.39,30.2 1 0
github.com/droxer/RxGo/examples/basic/basic.go:32.13,47.98 9 0
github.com/droxer/RxGo/examples/basic/basic.go:47.98,48.26 1 0
github.com/droxer/RxGo/examples/basic/basic.go:48.26,49.11 1 0
github.com/droxer/RxGo/examples/basic/basic.go:50.22,52.11 2 0
github.com/droxer/RxGo/examples/basic/basic.go:53.12,54.23 1 0
github.com/droxer/RxGo/examples/basic/basic.go:57.3,57.20 1 0
github.com/droxer/RxGo/examples/basic/basic.go:59.2,66.99 5 0
github.com/droxer/RxGo/examples/basic/basic.go:66.99,67.26 1 0
github.com/droxer/RxGo/examples/basic/basic.go:67.26,68.11 1 0
github.com/droxer/RxGo/examples/basic/basic.go:69.22,71.11 2 0
github.com/droxer/RxGo/examples/basic/basic.go:72.12,73.24 1 0
github.com/droxer/RxGo/examples/basic/basic.go:76.3,76.20 1 0
github.com/droxer/RxGo/examples/basic/basic.go:78.2,82.49 3 0
github.com/droxer/RxGo/internal/scheduler/eventloop.go:15.54,22.2 1 1
github.com/droxer/RxGo/internal/scheduler/eventloop.go:24.38,25.38 1 0
github.com/droxer/RxGo/internal/scheduler/eventloop.go:25.38,28.3 2 0
github.com/droxer/RxGo/internal/scheduler/eventloop.go:30.2,30.17 1 0
github.com/droxer/RxGo/internal/scheduler/eventloop.go:33.37,35.35 2 0
github.com/droxer/RxGo/internal/scheduler/eventloop.go:35.35,37.3 1 0
github.com/droxer/RxGo/internal/scheduler/eventloop.go:40.53,45.2 2 0
github.com/droxer/RxGo/internal/scheduler/eventloop.go:47.76,53.2 2 0
github.com/droxer/RxGo/internal/scheduler/eventloop.go:55.41,56.6 1 0
github.com/droxer/RxGo/internal/scheduler/eventloop.go:56.6,57.10 1 0
github.com/droxer/RxGo/internal/scheduler/eventloop.go:58.28,60.18 2 0
github.com/droxer/RxGo/internal/scheduler/eventloop.go:61.17,62.10 1 0
github.com/droxer/RxGo/internal/scheduler/eventloop.go:73.63,79.2 1 0
github.com/droxer/RxGo/internal/scheduler/eventloop.go:81.30,82.12 1 0
github.com/droxer/RxGo/internal/scheduler/eventloop.go:82.12,83.7 1 0
github.com/droxer/RxGo/internal/scheduler/eventloop.go:83.7,86.11 2 0
github.com/droxer/RxGo/internal/scheduler/eventloop.go:87.28,89.12 2 0
github.com/droxer/RxGo/internal/scheduler/eventloop.go:89.12,90.19 1 0
github.com/droxer/RxGo/internal/scheduler/eventloop.go:90.19,91.35 1 0
github.com/droxer/RxGo/internal/scheduler/eventloop.go:91.35,95.8 1 0
github.com/droxer/RxGo/internal/scheduler/eventloop.go:97.6,97.15 1 0
github.com/droxer/RxGo/internal/scheduler/eventloop.go:99.18,100.11 1 0
github.com/droxer/RxGo/internal/scheduler/eventloop.go:106.29,108.2 1 0
github.com/droxer/RxGo/internal/scheduler/scheduler.go:27.13,30.2 2 1
github.com/droxer/RxGo/internal/scheduler/scheduler.go:32.27,35.23 3 1
github.com/droxer/RxGo/internal/scheduler/scheduler.go:35.23,37.3 1 0
github.com/droxer/RxGo/internal/scheduler/scheduler.go:38.2,38.15 1 1
github.com/droxer/RxGo/internal/scheduler/threadpool.go:14.69,20.2 1 1
github.com/droxer/RxGo/internal/scheduler/threadpool.go:22.41,24.2 1 0
github.com/droxer/RxGo/internal/scheduler/threadpool.go:26.41,27.2 0 0
github.com/droxer/RxGo/internal/scheduler/threadpool.go:29.56,35.2 2 0
github.com/droxer/RxGo/internal/scheduler/threadpool.go:37.80,38.2 0 0
github.com/droxer/RxGo/internal/scheduler/threadpool.go:40.39,41.32 1 0
github.com/droxer/RxGo/internal/scheduler/threadpool.go:41.32,43.3 1 0
github.com/droxer/RxGo/internal/scheduler/threadpool.go:51.63,56.2 1 1
github.com/droxer/RxGo/internal/scheduler/threadpool.go:58.43,59.9 1 0
github.com/droxer/RxGo/internal/scheduler/threadpool.go:60.35,61.17 1 0
github.com/droxer/RxGo/internal/scheduler/threadpool.go:62.10,65.24 3 0
github.com/droxer/RxGo/internal/scheduler/threadpool.go:77.83,85.2 1 0
github.com/droxer/RxGo/internal/scheduler/threadpool.go:87.32,88.12 1 0
github.com/droxer/RxGo/internal/scheduler/threadpool.go:88.12,89.7 1 0
github.com/droxer/RxGo/internal/scheduler/threadpool.go:89.7,92.11 2 0
github.com/droxer/RxGo/internal/scheduler/threadpool.go:93.28,95.12 2 0
github.com/droxer/RxGo/internal/scheduler/threadpool.go:95.12,96.19 1 0
github.com/droxer/RxGo/internal/scheduler/threadpool.go:96.19,97.35 1 0
github.com/droxer/RxGo/internal/scheduler/threadpool.go:97.35,99.8 1 0
github.com/droxer/RxGo/internal/scheduler/threadpool.go:101.6,101.15 1 0
github.com/droxer/RxGo/internal/scheduler/threadpool.go:103.5,103.25 1 0
github.com/droxer/RxGo/internal/scheduler/threadpool.go:104.21,106.11 2 0
github.com/droxer/RxGo/internal/scheduler/threadpool.go:107.18,108.11 1 0
github.com/droxer/RxGo/internal/scheduler/threadpool.go:114.31,116.2 1 0
github.com/droxer/RxGo/pkg/observable/bridge.go:15.76,19.2 1 0
github.com/droxer/RxGo/pkg/observable/bridge.go:21.70,26.2 3 0
github.com/droxer/RxGo/pkg/observable/bridge.go:28.44,30.2 1 0
github.com/droxer/RxGo/pkg/observable/bridge.go:32.51,34.2 1 0
github.com/droxer/RxGo/pkg/observable/bridge.go:36.45,38.2 1 0
github.com/droxer/RxGo/pkg/observable/bridge.go:41.76,42.103 1 0
github.com/droxer/RxGo/pkg/observable/bridge.go:42.103,51.3 2 0
github.com/droxer/RxGo/pkg/observable/bridge.go:61.42,65.2 1 0
github.com/droxer/RxGo/pkg/observable/bridge.go:67.46,69.2 1 0
github.com/droxer/RxGo/pkg/observable/bridge.go:71.53,73.2 1 0
github.com/droxer/RxGo/pkg/observable/bridge.go:75.48,77.2 1 0
github.com/droxer/RxGo/pkg/observable/bridge.go:84.86,86.2 1 0
github.com/droxer/RxGo/pkg/observable/bridge.go:88.85,92.2 2 0
github.com/droxer/RxGo/pkg/observable/observable.go:20.54,22.2 1 1
github.com/droxer/RxGo/pkg/observable/observable.go:33.75,34.16 1 1
github.com/droxer/RxGo/pkg/observable/observable.go:34.16,36.3 1 0
github.com/droxer/RxGo/pkg/observable/observable.go:39.2,39.16 1 1
github.com/droxer/RxGo/pkg/observable/observable.go:39.16,41.3 1 0
github.com/droxer/RxGo/pkg/observable/observable.go:44.2,47.15 2 1
github.com/droxer/RxGo/pkg/observable/observable.go:47.15,48.31 1 1
github.com/droxer/RxGo/pkg/observable/observable.go:48.31,51.4 2 0
github.com/droxer/RxGo/pkg/observable/observable.go:55.2,55.25 1 1
github.com/droxer/RxGo/pkg/observable/observable.go:59.46,60.61 1 0
github.com/droxer/RxGo/pkg/observable/observable.go:60.61,62.32 2 0
github.com/droxer/RxGo/pkg/observable/observable.go:62.32,63.11 1 0
github.com/droxer/RxGo/pkg/observable/observable.go:64.22,66.11 2 0
github.com/droxer/RxGo/pkg/observable/observable.go:67.12,68.22 1 0
github.com/droxer/RxGo/pkg/observable/observable.go:75.47,76.63 1 0
github.com/droxer/RxGo/pkg/observable/observable.go:76.63,78.17 2 0
github.com/droxer/RxGo/pkg/observable/observable.go:78.17,80.4 1 0
github.com/droxer/RxGo/pkg/observable/observable.go:81.3,81.30 1 0
github.com/droxer/RxGo/pkg/observable/observable.go:81.30,82.11 1 0
github.com/droxer/RxGo/pkg/observable/observable.go:83.22,85.11 2 0
github.com/droxer/RxGo/pkg/observable/observable.go:86.12,87.26 1 0
github.com/droxer/RxGo/pkg/observable/observable.go:94.81,95.61 1 0
github.com/droxer/RxGo/pkg/observable/observable.go:95.61,101.3 1 0
github.com/droxer/RxGo/pkg/observable/observable.go:113.42,114.16 1 0
github.com/droxer/RxGo/pkg/observable/observable.go:114.16,116.31 2 0
github.com/droxer/RxGo/pkg/observable/observable.go:116.31,118.4 1 0
github.com/droxer/RxGo/pkg/observable/observable.go:122.46,123.30 1 0
github.com/droxer/RxGo/pkg/observable/observable.go:123.30,124.25 1 0
github.com/droxer/RxGo/pkg/observable/observable.go:124.25,126.4 1 0
github.com/droxer/RxGo/pkg/observable/observable.go:127.3,127.18 1 0
github.com/droxer/RxGo/pkg/observable/observable.go:131.53,132.30 1 0
github.com/droxer/RxGo/pkg/observable/observable.go:132.30,133.25 1 0
github.com/droxer/RxGo/pkg/observable/observable.go:133.25,135.4 1 0
github.com/droxer/RxGo/pkg/observable/observable.go:136.3,136.21 1 0
github.com/droxer/RxGo/pkg/observable/observable.go:140.48,141.30 1 0
github.com/droxer/RxGo/pkg/observable/observable.go:141.30,142.25 1 0
github.com/droxer/RxGo/pkg/observable/observable.go:142.25,144.4 1 0
github.com/droxer/RxGo/pkg/observable/observable.go:145.3,145.22 1 0
github.com/droxer/RxGo/internal/publisher/publisher.go:40.122,44.2 1 1
github.com/droxer/RxGo/internal/publisher/publisher.go:47.88,48.14 1 1
github.com/droxer/RxGo/internal/publisher/publisher.go:48.14,49.36 1 1
github.com/droxer/RxGo/internal/publisher/publisher.go:53.2,59.12 3 1
github.com/droxer/RxGo/internal/publisher/publisher.go:59.12,61.3 1 1
github.com/droxer/RxGo/internal/publisher/publisher.go:65.129,68.2 1 1
github.com/droxer/RxGo/internal/publisher/publisher.go:71.47,72.83 1 1
github.com/droxer/RxGo/internal/publisher/publisher.go:72.83,75.30 2 1
github.com/droxer/RxGo/internal/publisher/publisher.go:75.30,76.11 1 1
github.com/droxer/RxGo/internal/publisher/publisher.go:77.22,79.11 2 0
github.com/droxer/RxGo/internal/publisher/publisher.go:80.12,81.21 1 1
github.com/droxer/RxGo/internal/publisher/publisher.go:88.54,89.85 1 1
github.com/droxer/RxGo/internal/publisher/publisher.go:89.85,92.17 2 1
github.com/droxer/RxGo/internal/publisher/publisher.go:92.17,94.4 1 0
github.com/droxer/RxGo/internal/publisher/publisher.go:96.3,96.30 1 1
github.com/droxer/RxGo/internal/publisher/publisher.go:96.30,97.11 1 1
github.com/droxer/RxGo/internal/publisher/publisher.go:98.22,100.11 2 0
github.com/droxer/RxGo/internal/publisher/publisher.go:101.12,102.26 1 1
github.com/droxer/RxGo/internal/publisher/publisher.go:114.49,115.12 1 1
github.com/droxer/RxGo/internal/publisher/publisher.go:115.12,117.3 1 0
github.com/droxer/RxGo/internal/publisher/publisher.go:118.2,118.24 1 1
github.com/droxer/RxGo/internal/publisher/publisher.go:118.24,120.3 1 0
github.com/droxer/RxGo/internal/publisher/publisher.go:121.2,121.20 1 1
github.com/droxer/RxGo/internal/publisher/publisher.go:124.41,126.2 1 1
github.com/droxer/RxGo/internal/publisher/subscription.go:31.106,41.2 4 0
github.com/droxer/RxGo/internal/publisher/subscription.go:43.49,45.12 1 0
github.com/droxer/RxGo/internal/publisher/subscription.go:45.12,48.3 1 0
github.com/droxer/RxGo/internal/publisher/subscription.go:51.2,52.60 2 0
github.com/droxer/RxGo/internal/publisher/subscription.go:52.60,54.3 1 0
github.com/droxer/RxGo/internal/publisher/subscription.go:57.2,60.24 2 0
github.com/droxer/RxGo/internal/publisher/subscription.go:60.24,62.3 1 0
github.com/droxer/RxGo/internal/publisher/subscription.go:65.41,70.31 4 0
github.com/droxer/RxGo/internal/publisher/subscription.go:70.31,72.3 1 0
github.com/droxer/RxGo/internal/publisher/subscription.go:74.2,77.23 3 0
github.com/droxer/RxGo/internal/publisher/subscription.go:77.23,79.3 1 0
github.com/droxer/RxGo/internal/publisher/subscription.go:82.53,84.2 1 0
github.com/droxer/RxGo/internal/publisher/subscription.go:86.59,88.2 1 0
github.com/droxer/RxGo/pkg/rxgo/rxgo.go:12.133,14.2 1 0
github.com/droxer/RxGo/pkg/rxgo/rxgo.go:17.57,19.2 1 0
github.com/droxer/RxGo/pkg/rxgo/rxgo.go:22.64,24.2 1 0
github.com/droxer/RxGo/pkg/rxgo/rxgo.go:27.115,29.2 1 0
github.com/droxer/RxGo/pkg/rxgo/rxgo.go:32.57,34.2 1 0
github.com/droxer/RxGo/pkg/rxgo/rxgo.go:37.58,39.2 1 0
